[ERR]	2021/12/20-09:51:56	open_socket(): UNREACHABLE CODE REACHED!
[WARN]	2021/12/20-09:51:57	SSL_accept()
[WARN]	2021/12/20-09:51:57	Child killed with sig=9
[ERR]	2021/12/20-09:54:18	open_socket(): UNREACHABLE CODE REACHED!
[ERR]	2021/12/20-09:54:19	SSL_accept()
[ERR]	2021/12/20-09:54:33	open_socket(): UNREACHABLE CODE REACHED!
[WARN]	2021/12/20-09:54:39	Child killed with sig=2
[ERR]	2021/12/20-09:55:27	open_socket(): UNREACHABLE CODE REACHED!
[WARN]	2021/12/20-09:55:30	Child killed with sig=2
[ERR]	2021/12/20-10:00:07	open_socket(): UNREACHABLE CODE REACHED!
[ERR]	2021/12/20-10:00:14	open_socket(): UNREACHABLE CODE REACHED!
[WARN]	2021/12/20-10:00:17	Child killed with sig=2
[WARN]	2021/12/20-11:30:15	Could not set the CA file location
[WARN]	2021/12/20-11:30:15	Child killed with sig=9
[ERR]	2021/12/20-11:31:48	open_socket(): UNREACHABLE CODE REACHED!
[ERR]	2021/12/20-11:31:48	SSL_accept()
[ERR]	2021/12/20-11:32:38	open_socket(): UNREACHABLE CODE REACHED!
[ERR]	2021/12/20-11:32:38	SSL_accept()
[WARN]	2021/12/20-11:33:54	Child killed with sig=2
[ERR]	2021/12/20-11:33:57	open_socket(): UNREACHABLE CODE REACHED!
[ERR]	2021/12/20-11:33:57	SSL_accept()
[WARN]	2021/12/20-11:37:21	Child killed with sig=2
[ERR]	2021/12/20-11:37:24	open_socket(): UNREACHABLE CODE REACHED!
[ERR]	2021/12/20-11:37:40	open_socket(): UNREACHABLE CODE REACHED!
[WARN]	2021/12/20-11:37:42	Child killed with sig=2
[ERR]	2021/12/20-11:38:03	open_socket(): UNREACHABLE CODE REACHED!
[ERR]	2021/12/20-11:38:03	SSL_accept()
[WARN]	2021/12/20-11:38:14	Child killed with sig=2
[ERR]	2021/12/20-14:44:30	open_socket(): UNREACHABLE CODE REACHED!
[ERR]	2021/12/20-14:44:30	SSL_accept()
[WARN]	2021/12/20-14:44:30	Child killed with sig=9
[ERR]	2021/12/20-14:44:38	open_socket(): UNREACHABLE CODE REACHED!
[ERR]	2021/12/20-14:44:38	SSL_accept()
[WARN]	2021/12/20-14:44:38	Child killed with sig=9
[ERR]	2021/12/20-14:44:53	open_socket(): UNREACHABLE CODE REACHED!
[ERR]	2021/12/20-14:45:16	open_socket(): UNREACHABLE CODE REACHED!
[WARN]	2021/12/20-14:46:13	Child killed with sig=2
[ERR]	2021/12/20-14:46:20	open_socket(): UNREACHABLE CODE REACHED!
[WARN]	2021/12/20-14:47:49	Child killed with sig=2
[ERR]	2021/12/20-14:47:52	open_socket(): UNREACHABLE CODE REACHED!
[ERR]	2021/12/20-14:50:22	open_socket(): UNREACHABLE CODE REACHED!
[WARN]	2021/12/20-14:50:24	Child killed with sig=2
[ERR]	2021/12/20-14:50:28	open_socket(): UNREACHABLE CODE REACHED!
[WARN]	2021/12/20-14:52:08	Child killed with sig=2
[ERR]	2021/12/20-14:52:28	open_socket(): UNREACHABLE CODE REACHED!
[WARN]	2021/12/20-14:53:09	Child killed with sig=2
[ERR]	2021/12/20-14:53:11	open_socket(): UNREACHABLE CODE REACHED!
[ERR]	2021/12/20-14:53:12	open_socket(): UNREACHABLE CODE REACHED!
[ERR]	2021/12/20-14:54:40	open_socket(): UNREACHABLE CODE REACHED!
[WARN]	2021/12/20-14:55:40	Child killed with sig=2
[ERR]	2021/12/20-14:55:42	open_socket(): UNREACHABLE CODE REACHED!
[WARN]	2021/12/20-14:56:01	Child killed with sig=2
[ERR]	2021/12/21-09:17:21	open_socket(): UNREACHABLE CODE REACHED!
[ERR]	2021/12/21-09:17:21	open_socket(): UNREACHABLE CODE REACHED!
[ERR]	2021/12/21-09:17:21	open_socket(): UNREACHABLE CODE REACHED!
[ERR]	2021/12/21-09:17:21	open_socket(): UNREACHABLE CODE REACHED!
[ERR]	2021/12/21-09:17:21	open_socket(): UNREACHABLE CODE REACHED!
[ERR]	2021/12/21-09:17:21	open_socket(): UNREACHABLE CODE REACHED!
[ERR]	2021/12/21-09:17:21	open_socket(): UNREACHABLE CODE REACHED!
[ERR]	2021/12/21-09:17:21	open_socket(): UNREACHABLE CODE REACHED!
[ERR]	2021/12/21-09:17:21	open_socket(): UNREACHABLE CODE REACHED!
[ERR]	2021/12/21-09:17:21	open_socket(): UNREACHABLE CODE REACHED!
[ERR]	2021/12/21-09:17:21	SSL_accept()
[ERR]	2021/12/21-09:17:21	open_socket(): UNREACHABLE CODE REACHED!
[WARN]	2021/12/21-09:17:21	Child killed with sig=9
[ERR]	2021/12/21-09:17:27	open_socket(): UNREACHABLE CODE REACHED!
[ERR]	2021/12/21-09:17:27	open_socket(): UNREACHABLE CODE REACHED!
[ERR]	2021/12/21-09:17:27	open_socket(): UNREACHABLE CODE REACHED!
[ERR]	2021/12/21-09:17:27	open_socket(): UNREACHABLE CODE REACHED!
[ERR]	2021/12/21-09:17:27	open_socket(): UNREACHABLE CODE REACHED!
[ERR]	2021/12/21-09:17:27	open_socket(): UNREACHABLE CODE REACHED!
[ERR]	2021/12/21-09:17:27	open_socket(): UNREACHABLE CODE REACHED!
[ERR]	2021/12/21-09:17:27	open_socket(): UNREACHABLE CODE REACHED!
[ERR]	2021/12/21-09:17:27	open_socket(): UNREACHABLE CODE REACHED!
[ERR]	2021/12/21-09:17:27	open_socket(): UNREACHABLE CODE REACHED!
[ERR]	2021/12/21-09:17:27	open_socket(): UNREACHABLE CODE REACHED!
[ERR]	2021/12/21-09:17:27	open_socket(): UNREACHABLE CODE REACHED!
[ERR]	2021/12/21-09:17:27	open_socket(): UNREACHABLE CODE REACHED!
[ERR]	2021/12/21-09:17:27	open_socket(): UNREACHABLE CODE REACHED!
[ERR]	2021/12/21-09:17:27	open_socket(): UNREACHABLE CODE REACHED!
[ERR]	2021/12/21-09:17:27	SSL_accept()
[WARN]	2021/12/21-09:17:27	Child killed with sig=9
[ERR]	2021/12/21-09:17:27	SSL_accept()
[ERR]	2021/12/21-09:17:27	open_socket(): UNREACHABLE CODE REACHED!
[ERR]	2021/12/21-09:32:32	open_socket(): UNREACHABLE CODE REACHED!
[WARN]	2021/12/21-09:34:25	Child killed with sig=2
[ERR]	2021/12/21-09:34:28	open_socket(): UNREACHABLE CODE REACHED!
[WARN]	2021/12/21-09:34:48	Child killed with sig=2
[ERR]	2021/12/21-09:36:00	open_socket(): UNREACHABLE CODE REACHED!
[ERR]	2021/12/21-09:36:00	SSL_accept()
[WARN]	2021/12/21-09:36:00	Child killed with sig=9
[ERR]	2021/12/21-09:44:24	open_socket(): UNREACHABLE CODE REACHED!
[WARN]	2021/12/21-09:55:33	Child killed with sig=2
[ERR]	2021/12/21-09:55:38	open_socket(): UNREACHABLE CODE REACHED!
[ERR]	2021/12/21-09:55:38	SSL_accept()
[WARN]	2021/12/21-09:55:38	Child killed with sig=9
[ERR]	2021/12/21-09:56:50	open_socket(): UNREACHABLE CODE REACHED!
[ERR]	2021/12/21-09:57:36	open_socket(): UNREACHABLE CODE REACHED!
[WARN]	2021/12/21-09:57:39	Child killed with sig=2
[ERR]	2021/12/21-09:58:13	open_socket(): UNREACHABLE CODE REACHED!
[WARN]	2021/12/21-09:58:36	Child killed with sig=2
[ERR]	2021/12/21-09:58:45	open_socket(): UNREACHABLE CODE REACHED!
[WARN]	2021/12/21-09:58:47	Child killed with sig=2
[ERR]	2021/12/21-10:03:33	open_socket(): UNREACHABLE CODE REACHED!
[WARN]	2021/12/21-10:03:40	Child killed with sig=2
[ERR]	2021/12/21-12:39:08	open_socket(): UNREACHABLE CODE REACHED!
[WARN]	2021/12/21-12:39:16	Child killed with sig=2
[ERR]	2021/12/21-12:40:52	open_socket(): UNREACHABLE CODE REACHED!
[WARN]	2021/12/21-12:41:02	Child killed with sig=2
[ERR]	2021/12/21-14:52:19	Can't init CAN bus, will try later
[WARN]	2021/12/21-14:52:27	Child killed with sig=2
[ERR]	2021/12/21-14:54:28	Can't init CAN bus, will try later
[WARN]	2021/12/21-14:54:50	Child killed with sig=2
[WARN]	2021/12/21-14:56:52	Child killed with sig=2
[WARN]	2021/12/21-14:57:08	Max amount of connections: disconnect fd=6
[WARN]	2021/12/21-14:57:12	Max amount of connections: disconnect fd=6
[WARN]	2021/12/21-14:57:20	Child killed with sig=2
[ERR]	2021/12/21-14:57:39	SSL error 5
[WARN]	2021/12/21-14:57:40	Child killed with sig=2
[ERR]	2021/12/21-16:27:13	SSL error 5
[WARN]	2021/12/21-16:27:16	Child killed with sig=2
